2021-09-17T03:19:01.134438Z INFO update_engine: [evaluation_context.cc(112)] OnTimeout() called due to poll interval
2021-09-17T03:19:01.134684Z INFO update_engine: [official_build_check_policy_impl.cc(35)] Unofficial build, blocking periodic update checks.
2021-09-17T03:19:01.134762Z INFO update_engine: [evaluation_context.cc(185)] Waiting for value on policy_is_loaded
2021-09-17T03:19:01.134788Z INFO update_engine: [evaluation_context.cc(185)] Waiting for value on forced_update_requested
2021-09-17T03:19:01.134812Z INFO update_engine: [evaluation_context.cc(214)] Waiting for timeout in 5m0s
2021-09-17T03:21:35.301739Z INFO update_engine: [common_service.cc(95)] Attempt update: app_version="" omaha_url="" flags=0x0 interactive=yes RestrictDownload=no
2021-09-17T03:21:35.301789Z INFO update_engine: [update_attempter.cc(958)] Forced update check requested.
2021-09-17T03:21:35.301881Z INFO update_engine: [update_attempter.cc(1936)] Non-official build; allowing any update source.
2021-09-17T03:21:35.301969Z INFO update_engine: [evaluation_context.cc(107)] ValueChanged() called for variable forced_update_requested
2021-09-17T03:21:35.302007Z INFO update_engine: [interactive_update_policy_impl.cc(38)] Forced update signaled (interactive), allowing update check. 2021-09-17T03:21:35.302021Z INFO update_engine: [update_attempter.cc(1081)] Running interactive update.
2021-09-17T03:21:35.302030Z INFO update_engine: [update_attempter.cc(1090)] Update attempt flags in use = 0x0
2021-09-17T03:21:35.309674Z INFO update_engine: [update_attempter.cc(245)] Last reported daily metrics 1d2h5m49.79968s ago, which is more than 24 hours ago.
2021-09-17T03:21:35.309708Z INFO update_engine: [update_attempter.cc(251)] Reporting daily metrics.
2021-09-17T03:21:35.310021Z WARNING update_engine: [libpolicy.cc(39)] Could not load the device policy file.
2021-09-17T03:21:35.310033Z INFO update_engine: [update_attempter.cc(357)] No device policies/settings present.
2021-09-17T03:21:35.310064Z INFO update_engine: [update_attempter.cc(499)] Scattering disabled since scatter factor is set to 0
2021-09-17T03:21:35.310082Z INFO update_engine: [update_attempter.cc(374)] p2p is not enabled - disallowing p2p for both downloading and sharing.
2021-09-17T03:21:35.310090Z INFO update_engine: [payload_state.cc(593)] Current download source: Unknown
2021-09-17T03:21:35.310097Z INFO update_engine: [omaha_request_params.cc(70)] Initializing parameters for this update attempt
2021-09-17T03:21:35.310190Z INFO update_engine: [image_properties_chromeos.cc(56)] Cannot load ImageProperty CHROMEOS_RELEASE_APPID, using default value {87efface-864d-49a5-9bb3-4b050a7c227a}
2021-09-17T03:21:35.310201Z INFO update_engine: [image_properties_chromeos.cc(56)] Cannot load ImageProperty CHROMEOS_BOARD_APPID, using default value {87efface-864d-49a5-9bb3-4b050a7c227a}
2021-09-17T03:21:35.310208Z INFO update_engine: [image_properties_chromeos.cc(56)] Cannot load ImageProperty CHROMEOS_CANARY_APPID, using default value {87efface-864d-49a5-9bb3-4b050a7c227a}
2021-09-17T03:21:35.310250Z INFO update_engine: [omaha_request_params.cc(81)] Running from channel stable-channel
2021-09-17T03:21:35.310270Z ERROR update_engine: [hardware_chromeos.cc(171)] Unable to read crossystem key hwid
2021-09-17T03:21:35.310292Z INFO update_engine: [omaha_request_params.cc(146)] No target channel mandated by policy.
2021-09-17T03:21:35.310867Z INFO update_engine: [update_attempter.cc(442)] target_version_prefix = , rollback_allowed = 0, scatter_factor_in_seconds = 0s
2021-09-17T03:21:35.310888Z INFO update_engine: [update_attempter.cc(449)] Wall Clock Based Wait Enabled = 0, Update Check Count Wait Enabled = 0, Waiting Period = 0s
2021-09-17T03:21:35.310897Z INFO update_engine: [update_attempter.cc(457)] Use p2p For Downloading = 0, Use p2p For Sharing = 0
2021-09-17T03:21:35.310904Z INFO update_engine: [update_attempter.cc(464)] forced to obey proxies
2021-09-17T03:21:35.310910Z INFO update_engine: [update_attempter.cc(467)] proxy manual checks: 1
2021-09-17T03:21:35.311262Z WARNING update_engine: [libpolicy.cc(39)] Could not load the device policy file.
2021-09-17T03:21:35.311327Z WARNING update_engine: [libpolicy.cc(39)] Could not load the device policy file.
2021-09-17T03:21:35.311411Z WARNING update_engine: [libpolicy.cc(39)] Could not load the device policy file.
2021-09-17T03:21:35.311474Z WARNING update_engine: [libpolicy.cc(39)] Could not load the device policy file.
2021-09-17T03:21:35.311533Z INFO update_engine: [update_attempter.cc(1707)] Scheduling an action processor start.
2021-09-17T03:21:35.311598Z INFO update_engine: [action_processor.cc(51)] ActionProcessor: starting OmahaRequestAction
2021-09-17T03:21:35.312502Z INFO update_engine: [omaha_request_action.cc(271)] Posting an Omaha request to http://192.168.31.120:8555/update
2021-09-17T03:21:35.312520Z INFO update_engine: [omaha_request_action.cc(272)] Request: <?xml version="1.0" encoding="UTF-8"?>
<request requestid="82c8cc3e-d818-467c-a8e3-679eed60ad9a" sessionid="1e035ded-5541-433f-86b0-3bda5cb6ddcd" protocol="3.0" updater="ChromeOSUpdateEngine" updaterversion="0.1.0.0" installsource="ondemandupdate" ismachine="1">
    <os version="Indy" platform="Chrome OS" sp="13982.88.2021_09_16_0946_x86_64" market_segment="consumer"></os>
    <app appid="{87efface-864d-49a5-9bb3-4b050a7c227a}" version="13982.88.2021_09_16_0946" track="stable-channel" board="amd64-generic" hardware_class="" delta_okay="true" installdate="5362" lang="en-US" >
        <ping active="1" a="1" r="1"></ping>
        <updatecheck></updatecheck>
        <event eventtype="54" eventresult="1" previousversion="ForcedUpdate"></event>
    </app>
</request>

2021-09-17T03:21:35.313606Z INFO update_engine: [libcurl_http_fetcher.cc(146)] Starting/Resuming transfer
2021-09-17T03:21:35.315343Z INFO update_engine: [libcurl_http_fetcher.cc(165)] Using proxy: no
2021-09-17T03:21:35.315418Z INFO update_engine: [libcurl_http_fetcher.cc(283)] Not setting http(s) curl options because we are running a dev/test image
2021-09-17T03:21:35.357204Z INFO update_engine: [libcurl_http_fetcher.cc(485)] HTTP response code: 200
2021-09-17T03:21:35.357482Z INFO update_engine: [libcurl_http_fetcher.cc(582)] Transfer completed (200), 1078 bytes downloaded
2021-09-17T03:21:35.357699Z INFO update_engine: [omaha_request_action.cc(667)] Omaha request response: <?xml version="1.0" encoding="UTF-8"?>
<response protocol="3.0" server="nebraska">
  <daystart elapsed_days="5373" elapsed_seconds="40897"/>
  <app appid="{87efface-864d-49a5-9bb3-4b050a7c227a}" status="ok">
    <ping status="ok"/>
    <event status="ok"/>
    <updatecheck status="ok">
      <urls>
        <url codebase="http://192.168.31.120:8080/"/>
      </urls>
      <manifest version="99999.0.0">
        <actions>
          <action event="update" run="delta.bin"/>
          <action ChromeOSVersion="99999.0.0" ChromeVersion="1.0.0.0" DisablePayloadBackoff="false" IsDeltaPayload="false" MaxDaysToScatter="14" MetadataSignatureRsa="" MetadataSize="57497" sha256="PB8rKUnTLECVmKJ3PHZbh+cMU96eVR5Jmwg7jOgEEvQ=" event="postinstall"/>
        </actions>
        <packages>
          <package fp="1.3C1F2B2949D32C409598A2773C765B87E70C53DE9E551E499B083B8CE80412F4" hash_sha256="3C1F2B2949D32C409598A2773C765B87E70C53DE9E551E499B083B8CE80412F4" name="delta.bin" required="true" size="642666924"/>
        </packages>
      </manifest>
    </updatecheck>
  </app>
</response>

2021-09-17T03:21:35.357832Z INFO update_engine: [omaha_request_action.cc(1406)] No device policy is loaded. Assuming rollback enabled.
2021-09-17T03:21:35.357861Z INFO update_engine: [omaha_request_action.cc(1437)] Rollback is enabled. Setting kernel_max_rollforward to -1
2021-09-17T03:21:35.357899Z ERROR update_engine: [omaha_request_action.cc(1454)] Failed to set kernel_max_rollforward
2021-09-17T03:21:35.358761Z INFO update_engine: [subprocess.cc(98)] Running "vpd_get_value first_active_omaha_ping_sent"
2021-09-17T03:21:35.368173Z INFO update_engine: [hardware_chromeos.cc(320)] Failed to parse active_ping value:
2021-09-17T03:21:35.368290Z INFO update_engine: [subprocess.cc(98)] Running "vpd -i RW_VPD -s first_active_omaha_ping_sent=1"
2021-09-17T03:21:47.433284Z ERROR update_engine: [hardware_chromeos.cc(333)] Failed to set vpd key for first_active_omaha_ping_sent with exit code: 11 with output:  and error: [WARN] flashromPartialRead() failed, try full read.
[WARN] Cannot get eps_base from full BIOS.
[ERROR] getVpdPartitionFromFullBios() failed.loadFile('/tmp/vpd.flashrom.uA6rTK') error.

2021-09-17T03:21:47.433345Z INFO update_engine: [omaha_request_action.cc(433)] For milestone N-0 firmware_key_version= kernel_key_version=
2021-09-17T03:21:47.433433Z INFO update_engine: [omaha_request_action.cc(1490)] Persisted the new value for UpdateFirstSeenAt: 9/17/2021 3:21:47 GMT
2021-09-17T03:21:47.434398Z INFO update_engine: [connection_manager.cc(114)] There's no device policy loaded yet.
2021-09-17T03:21:47.434411Z INFO update_engine: [omaha_request_action.cc(1393)] We are connected via ethernet, Updates allowed: Yes
2021-09-17T03:21:47.434457Z INFO update_engine: [payload_state.cc(1241)] Allowing HTTP downloads for unofficial builds
2021-09-17T03:21:47.434464Z INFO update_engine: [payload_state.cc(1255)] Candidate Url0: http://192.168.31.120:8080/delta.bin
2021-09-17T03:21:47.434473Z INFO update_engine: [payload_state.cc(1258)] Found 1 candidate URLs out of 1 URLs supplied in package 0
2021-09-17T03:21:47.434481Z INFO update_engine: [payload_state.cc(128)] Resetting all persisted state as this is a new response
2021-09-17T03:21:47.434486Z INFO update_engine: [payload_state.cc(1229)] Num Responses Seen = 1
2021-09-17T03:21:47.434553Z INFO update_engine: [payload_state.cc(893)] Current Response Signature =
Payload 0:
  Size = 642666924
  Sha256 Hash = 3C1F2B2949D32C409598A2773C765B87E70C53DE9E551E499B083B8CE80412F4
  Metadata Size = 57497
  Metadata Signature =
  Is Delta = 0
  NumURLs = 1
  Candidate Url0 = http://192.168.31.120:8080/delta.bin
Max Failure Count Per Url = 3
Disable Payload Backoff = 0

2021-09-17T03:21:47.434654Z INFO update_engine: [metrics_utils.cc(328)] Payload Attempt Number = 0
2021-09-17T03:21:47.434663Z INFO update_engine: [payload_state.cc(915)] Full Payload Attempt Number = 0
2021-09-17T03:21:47.434706Z INFO update_engine: [payload_state.cc(922)] Payload Index = 0
2021-09-17T03:21:47.434751Z INFO update_engine: [payload_state.cc(942)] Current URL Index = 0
2021-09-17T03:21:47.434795Z INFO update_engine: [payload_state.cc(593)] Current download source: HttpServer
2021-09-17T03:21:47.434802Z INFO update_engine: [payload_state.cc(999)] Current URL (Url0)'s Failure Count = 0
2021-09-17T03:21:47.434843Z INFO update_engine: [payload_state.cc(989)] URL Switch Count = 0
2021-09-17T03:21:47.434884Z INFO update_engine: [payload_state.cc(1024)] Backoff Expiry Time = 1/1/1601 0:00:00 GMT
2021-09-17T03:21:47.434961Z INFO update_engine: [metrics_utils.cc(345)] Update Monotonic Timestamp Start = 9/17/2021 3:21:47 GMT
2021-09-17T03:21:47.434969Z INFO update_engine: [payload_state.cc(1076)] Update Timestamp End = 1/1/1601 0:00:00 GMT
2021-09-17T03:21:47.435011Z INFO update_engine: [payload_state.cc(1156)] Update Duration Uptime = 0s
2021-09-17T03:21:47.435056Z INFO update_engine: [payload_state.cc(1197)] Current bytes downloaded for HttpsServer = 0
2021-09-17T03:21:47.435099Z INFO update_engine: [payload_state.cc(1197)] Current bytes downloaded for HttpServer = 0
2021-09-17T03:21:47.435142Z INFO update_engine: [payload_state.cc(1197)] Current bytes downloaded for HttpPeer = 0
2021-09-17T03:21:47.435157Z INFO update_engine: [payload_state.cc(1366)] p2p Num Attempts = 0
2021-09-17T03:21:47.435198Z INFO update_engine: [payload_state.cc(1380)] p2p First Attempt Timestamp = 1/1/1601 0:00:00 GMT
2021-09-17T03:21:47.435239Z INFO update_engine: [payload_state.cc(957)] Scattering Wait Period (seconds) = 0
2021-09-17T03:21:47.435249Z INFO update_engine: [payload_state.cc(974)] Staging Wait Period (days) =0
2021-09-17T03:21:47.435258Z INFO update_engine: [omaha_request_action.cc(898)] Not deferring download because update is interactive.
2021-09-17T03:21:47.435263Z INFO update_engine: [payload_state.cc(414)] Payload backoff disabled for interactive update checks.
2021-09-17T03:21:47.442162Z INFO update_engine: [action_processor.cc(116)] ActionProcessor: finished OmahaRequestAction with code ErrorCode::kSuccess
2021-09-17T03:21:47.442172Z INFO update_engine: [action_processor.cc(143)] ActionProcessor: starting OmahaResponseHandlerAction
2021-09-17T03:21:47.442200Z INFO update_engine: [omaha_response_handler_action.cc(347)] Waiving payload signature checks for unofficial update URL.
2021-09-17T03:21:47.442343Z INFO update_engine: [payload_state.cc(229)] Starting a new update
2021-09-17T03:21:47.442387Z INFO update_engine: [payload_state.cc(1197)] Current bytes downloaded for HttpsServer = 0
2021-09-17T03:21:47.442460Z INFO update_engine: [payload_state.cc(1197)] Current bytes downloaded for HttpServer = 0
2021-09-17T03:21:47.442530Z INFO update_engine: [payload_state.cc(1197)] Current bytes downloaded for HttpPeer = 0
2021-09-17T03:21:47.442601Z INFO update_engine: [metrics_utils.cc(320)] Number of Reboots during current update attempt = 0
2021-09-17T03:21:47.443731Z INFO update_engine: [delta_performer.cc(1906)] Resetting recorded hash for prepared partitions.
2021-09-17T03:21:47.443878Z INFO update_engine: [interactive_update_policy_impl.cc(38)] Forced update signaled (interactive), allowing update check.
2021-09-17T03:21:47.444022Z INFO update_engine: [install_plan.cc(79)] InstallPlan:
type: new_update
version: 99999.0.0
source_slot: A
target_slot: B
initial url: http://192.168.31.120:8080/delta.bin
hash_checks_mandatory: true
signature_checks_mandatory: false
powerwash_required: false
switch_slot_on_reboot: true
run_post_install: true
is_rollback: false
rollback_data_save_requested: false
write_verity: true
can_download_be_canceled: false
Payload: 0
  urls: (http://192.168.31.120:8080/delta.bin)
  size: 642666924
  metadata_size: 57497
  metadata_signature:
  hash: 3C1F2B2949D32C409598A2773C765B87E70C53DE9E551E499B083B8CE80412F4
  type: full
  fingerprint: 1.3C1F2B2949D32C409598A2773C765B87E70C53DE9E551E499B083B8CE80412F4
  app_id: {87efface-864d-49a5-9bb3-4b050a7c227a}
  already_applied: false
2021-09-17T03:21:47.444046Z INFO update_engine: [omaha_response_handler_action.cc(311)] Rollback is not allowed. Setting max rollforward values to infinity
2021-09-17T03:21:47.444066Z INFO update_engine: [cpu_limiter.cc(71)] Setting cgroup cpu shares to  2
2021-09-17T03:21:47.444106Z INFO update_engine: [cpu_limiter.cc(79)] CPU shares = 2
2021-09-17T03:21:47.444385Z INFO update_engine: [action_processor.cc(116)] ActionProcessor: finished OmahaResponseHandlerAction with code ErrorCode::kSuccess
2021-09-17T03:21:47.444395Z INFO update_engine: [action_processor.cc(143)] ActionProcessor: starting UpdateBootFlagsAction
2021-09-17T03:21:47.444401Z INFO update_engine: [update_boot_flags_action.cc(36)] Already updated boot flags. Skipping.
2021-09-17T03:21:47.444406Z INFO update_engine: [action_processor.cc(116)] ActionProcessor: finished UpdateBootFlagsAction with code ErrorCode::kSuccess
2021-09-17T03:21:47.444410Z INFO update_engine: [action_processor.cc(143)] ActionProcessor: starting OmahaRequestAction
2021-09-17T03:21:47.444457Z INFO update_engine: [omaha_request_action.cc(271)] Posting an Omaha request to http://192.168.31.120:8555/update
2021-09-17T03:21:47.444463Z INFO update_engine: [omaha_request_action.cc(272)] Request: <?xml version="1.0" encoding="UTF-8"?>
<request requestid="7dc50ae6-b2d0-4520-9c54-1be1dc258c35" sessionid="1e035ded-5541-433f-86b0-3bda5cb6ddcd" protocol="3.0" updater="ChromeOSUpdateEngine" updaterversion="0.1.0.0" installsource="ondemandupdate" ismachine="1">
    <os version="Indy" platform="Chrome OS" sp="13982.88.2021_09_16_0946_x86_64" market_segment="consumer"></os>
    <app appid="{87efface-864d-49a5-9bb3-4b050a7c227a}" version="13982.88.2021_09_16_0946" track="stable-channel" board="amd64-generic" hardware_class="" delta_okay="true" installdate="5362" lang="en-US" >
        <event eventtype="13" eventresult="1"></event>
    </app>
</request>

2021-09-17T03:21:47.445224Z INFO update_engine: [libcurl_http_fetcher.cc(146)] Starting/Resuming transfer
2021-09-17T03:21:47.445419Z INFO update_engine: [libcurl_http_fetcher.cc(165)] Using proxy: no
2021-09-17T03:21:47.445475Z INFO update_engine: [libcurl_http_fetcher.cc(283)] Not setting http(s) curl options because we are running a dev/test image
2021-09-17T03:21:47.449979Z INFO update_engine: [libcurl_http_fetcher.cc(485)] HTTP response code: 200
2021-09-17T03:21:47.450060Z INFO update_engine: [libcurl_http_fetcher.cc(582)] Transfer completed (200), 254 bytes downloaded
2021-09-17T03:21:47.450069Z INFO update_engine: [omaha_request_action.cc(667)] Omaha request response: <?xml version="1.0" encoding="UTF-8"?>
<response protocol="3.0" server="nebraska">
  <daystart elapsed_days="5373" elapsed_seconds="40909"/>
  <app appid="{87efface-864d-49a5-9bb3-4b050a7c227a}" status="ok">
    <event status="ok"/>
  </app>
</response>

2021-09-17T03:21:47.450102Z INFO update_engine: [omaha_request_action.cc(1406)] No device policy is loaded. Assuming rollback enabled.
2021-09-17T03:21:47.450108Z INFO update_engine: [omaha_request_action.cc(1437)] Rollback is enabled. Setting kernel_max_rollforward to -1
2021-09-17T03:21:47.450123Z ERROR update_engine: [omaha_request_action.cc(1454)] Failed to set kernel_max_rollforward
2021-09-17T03:21:47.450174Z INFO update_engine: [action_processor.cc(116)] ActionProcessor: finished OmahaRequestAction with code ErrorCode::kSuccess
2021-09-17T03:21:47.450181Z INFO update_engine: [action_processor.cc(143)] ActionProcessor: starting DownloadActionChromeos
2021-09-17T03:21:47.450188Z INFO update_engine: [install_plan.cc(79)] InstallPlan:
type: new_update
version: 99999.0.0
source_slot: A
target_slot: B
initial url: http://192.168.31.120:8080/delta.bin
hash_checks_mandatory: true
signature_checks_mandatory: false
powerwash_required: false
switch_slot_on_reboot: true
run_post_install: true
is_rollback: false
rollback_data_save_requested: false
write_verity: true
can_download_be_canceled: false
Payload: 0
  urls: (http://192.168.31.120:8080/delta.bin)
  size: 642666924
  metadata_size: 57497
  metadata_signature:
  hash: 3C1F2B2949D32C409598A2773C765B87E70C53DE9E551E499B083B8CE80412F4
  type: full
  fingerprint: 1.3C1F2B2949D32C409598A2773C765B87E70C53DE9E551E499B083B8CE80412F4
  app_id: {87efface-864d-49a5-9bb3-4b050a7c227a}
  already_applied: false
2021-09-17T03:21:47.450208Z INFO update_engine: [boot_control_chromeos.cc(308)] Marking slot A active.
2021-09-17T03:21:47.454920Z INFO update_engine: [subprocess.cc(98)] Running "/usr/sbin/chromeos-setgoodkernel"
2021-09-17T03:21:47.475980Z INFO update_engine: [download_action_chromeos.cc(208)] Marking new slot as unbootable and deleting update completed markers and prefs from previous update.
2021-09-17T03:21:47.476282Z INFO update_engine: [boot_control_chromeos.cc(275)] Marking slot B unbootable
2021-09-17T03:21:47.478531Z INFO update_engine: [multi_range_http_fetcher.cc(45)] starting first transfer
2021-09-17T03:21:47.478550Z INFO update_engine: [multi_range_http_fetcher.cc(74)] starting transfer of range 0+642666924
2021-09-17T03:21:47.479541Z INFO update_engine: [libcurl_http_fetcher.cc(146)] Starting/Resuming transfer
2021-09-17T03:21:47.479711Z INFO update_engine: [libcurl_http_fetcher.cc(165)] Using proxy: no
2021-09-17T03:21:47.479774Z INFO update_engine: [libcurl_http_fetcher.cc(283)] Not setting http(s) curl options because we are running a dev/test image
2021-09-17T03:21:47.505385Z INFO update_engine: [delta_performer.cc(172)] Completed 0/? operations, 14099/642666924 bytes downloaded (0%), overall progress 0%
2021-09-17T03:21:47.506262Z INFO update_engine: [delta_performer.cc(488)] Manifest size in payload matches expected value from Omaha
2021-09-17T03:21:47.506335Z INFO update_engine: [delta_performer.cc(1527)] No public keys found for verification.
2021-09-17T03:21:47.506343Z ERROR update_engine: [delta_performer.cc(501)] Failed to create payload verifier.
2021-09-17T03:21:47.506350Z WARNING update_engine: [delta_performer.cc(521)] Ignoring metadata signature validation failures.
2021-09-17T03:21:47.507826Z INFO update_engine: [delta_performer.cc(939)] Preparing partitions for new update. last hash = , new hash = 3C1F2B2949D32C409598A2773C765B87E70C53DE9E551E499B083B8CE80412F4:
2021-09-17T03:21:47.507895Z INFO update_engine: [delta_performer.cc(956)] PreparePartitionsForUpdate done.
2021-09-17T03:21:47.507931Z INFO update_engine: [delta_performer.cc(415)] PartitionInfo new root sha256: UItUdMPtZJjvR7gYYwjloZR2UOX88CXRCvELVJxFC5w= size: 2097152000
2021-09-17T03:21:47.507939Z INFO update_engine: [delta_performer.cc(415)] PartitionInfo new kernel sha256: ZEyFB77NDBfWrKPRL1Pzr7udMI10LdMKYNocvGG+yt4= size: 67108864
2021-09-17T03:21:47.508907Z INFO update_engine: [delta_performer.cc(350)] Opening /dev/nvme0n1p5 partition without O_DSYNC
2021-09-17T03:21:47.509341Z INFO update_engine: [delta_performer.cc(98)] Caching writes.
2021-09-17T03:21:47.509355Z INFO update_engine: [delta_performer.cc(362)] Applying 1000 operations to partition "root"
2021-09-17T03:21:47.511312Z INFO update_engine: [delta_performer.cc(630)] Starting to apply update payload operations
2021-09-17T03:21:47.893392Z INFO update_engine: [download_action_chromeos.cc(386)] Manifest has been validated. Making p2p file visible.
2021-09-17T03:21:47.893436Z ERROR update_engine: [p2p_manager.cc(615)] No file for id
2021-09-17T03:21:49.080868Z INFO update_engine: [delta_performer.cc(172)] Completed 207/1032 operations (20%), 4208403/642666924 bytes downloaded (0%), overall progress 10%
2021-09-17T03:21:53.619521Z INFO update_engine: [delta_performer.cc(172)] Completed 302/1032 operations (29%), 77133587/642666924 bytes downloaded (12%), overall progress 20%
2021-09-17T03:21:56.536946Z INFO update_engine: [delta_performer.cc(172)] Completed 357/1032 operations (34%), 167098131/642666924 bytes downloaded (26%), overall progress 30%
2021-09-17T03:22:03.712909Z INFO update_engine: [delta_performer.cc(172)] Completed 434/1032 operations (42%), 253048595/642666924 bytes downloaded (39%), overall progress 40%
2021-09-17T03:22:09.490352Z INFO update_engine: [delta_performer.cc(172)] Completed 516/1032 operations (50%), 323581715/642666924 bytes downloaded (50%), overall progress 50%
2021-09-17T03:22:15.230923Z INFO update_engine: [delta_performer.cc(172)] Completed 635/1032 operations (61%), 385611539/642666924 bytes downloaded (60%), overall progress 60%
2021-09-17T03:22:20.931875Z INFO update_engine: [delta_performer.cc(172)] Completed 743/1032 operations (71%), 449869587/642666924 bytes downloaded (70%), overall progress 70%
2021-09-17T03:22:25.954674Z INFO update_engine: [delta_performer.cc(172)] Completed 826/1032 operations (80%), 522188563/642666924 bytes downloaded (81%), overall progress 80%
2021-09-17T03:22:28.231546Z INFO update_engine: [delta_performer.cc(172)] Completed 874/1032 operations (84%), 616970003/642666924 bytes downloaded (96%), overall progress 90%
2021-09-17T03:22:29.895585Z INFO update_engine: [delta_performer.cc(350)] Opening /dev/nvme0n1p4 partition without O_DSYNC
2021-09-17T03:22:29.895679Z INFO update_engine: [delta_performer.cc(98)] Caching writes.
2021-09-17T03:22:29.895693Z INFO update_engine: [delta_performer.cc(362)] Applying 32 operations to partition "kernel"
2021-09-17T03:22:30.272905Z INFO update_engine: [delta_performer.cc(172)] Completed 1032/1032 operations (100%), 642666924/642666924 bytes downloaded (100%), overall progress 100%
2021-09-17T03:22:30.272935Z INFO update_engine: [multi_range_http_fetcher.cc(115)] Terminating transfer.
2021-09-17T03:22:30.272940Z INFO update_engine: [libcurl_http_fetcher.cc(626)] Requesting libcurl to terminate transfer.
2021-09-17T03:22:30.273042Z INFO update_engine: [multi_range_http_fetcher.cc(177)] Received transfer terminated.
2021-09-17T03:22:30.273050Z INFO update_engine: [multi_range_http_fetcher.cc(129)] TransferEnded w/ code 206
2021-09-17T03:22:30.273055Z INFO update_engine: [multi_range_http_fetcher.cc(163)] Done w/ all transfers
2021-09-17T03:22:30.318847Z INFO update_engine: [delta_performer.cc(1527)] No public keys found for verification.
2021-09-17T03:22:30.318878Z WARNING update_engine: [delta_performer.cc(1803)] Not verifying signed delta payload -- missing public key.
2021-09-17T03:22:30.318885Z INFO update_engine: [payload_state.cc(164)] Payload downloaded successfully
2021-09-17T03:22:30.319005Z INFO update_engine: [metrics_utils.cc(328)] Payload Attempt Number = 1
2021-09-17T03:22:30.319014Z INFO update_engine: [payload_state.cc(475)] Incrementing the full payload attempt number
2021-09-17T03:22:30.319018Z INFO update_engine: [payload_state.cc(915)] Full Payload Attempt Number = 1
2021-09-17T03:22:30.319100Z INFO update_engine: [payload_state.cc(570)] Incrementing the backoff expiry time by 23h11m0s
2021-09-17T03:22:30.319110Z INFO update_engine: [payload_state.cc(1024)] Backoff Expiry Time = 9/18/2021 2:33:30 GMT
2021-09-17T03:22:30.319196Z INFO update_engine: [download_action_chromeos.cc(431)] Collections of histograms for UpdateEngine.DownloadActionChromeos.

2021-09-17T03:22:30.319415Z INFO update_engine: [action_processor.cc(116)] ActionProcessor: finished DownloadActionChromeos with code ErrorCode::kSuccess
2021-09-17T03:22:30.319425Z INFO update_engine: [action_processor.cc(143)] ActionProcessor: starting OmahaRequestAction
2021-09-17T03:22:30.319641Z INFO update_engine: [omaha_request_action.cc(271)] Posting an Omaha request to http://192.168.31.120:8555/update
2021-09-17T03:22:30.319649Z INFO update_engine: [omaha_request_action.cc(272)] Request: <?xml version="1.0" encoding="UTF-8"?>
<request requestid="165a935d-ff5b-4f7c-9d4d-71b778a8eb6d" sessionid="1e035ded-5541-433f-86b0-3bda5cb6ddcd" protocol="3.0" updater="ChromeOSUpdateEngine" updaterversion="0.1.0.0" installsource="ondemandupdate" ismachine="1">
    <os version="Indy" platform="Chrome OS" sp="13982.88.2021_09_16_0946_x86_64" market_segment="consumer"></os>
    <app appid="{87efface-864d-49a5-9bb3-4b050a7c227a}" version="13982.88.2021_09_16_0946" track="stable-channel" board="amd64-generic" hardware_class="" delta_okay="true" installdate="5362" lang="en-US" >
        <event eventtype="14" eventresult="1"></event>
    </app>
</request>

2021-09-17T03:22:30.320303Z INFO update_engine: [libcurl_http_fetcher.cc(146)] Starting/Resuming transfer
2021-09-17T03:22:30.320447Z INFO update_engine: [libcurl_http_fetcher.cc(165)] Using proxy: no
2021-09-17T03:22:30.320518Z INFO update_engine: [libcurl_http_fetcher.cc(283)] Not setting http(s) curl options because we are running a dev/test image
2021-09-17T03:22:30.324925Z INFO update_engine: [libcurl_http_fetcher.cc(485)] HTTP response code: 200
2021-09-17T03:22:30.324993Z INFO update_engine: [libcurl_http_fetcher.cc(582)] Transfer completed (200), 254 bytes downloaded
2021-09-17T03:22:30.325002Z INFO update_engine: [omaha_request_action.cc(667)] Omaha request response: <?xml version="1.0" encoding="UTF-8"?>
<response protocol="3.0" server="nebraska">
  <daystart elapsed_days="5373" elapsed_seconds="40952"/>
  <app appid="{87efface-864d-49a5-9bb3-4b050a7c227a}" status="ok">
    <event status="ok"/>
  </app>
</response>

2021-09-17T03:22:30.325048Z INFO update_engine: [omaha_request_action.cc(1406)] No device policy is loaded. Assuming rollback enabled.
2021-09-17T03:22:30.325055Z INFO update_engine: [omaha_request_action.cc(1437)] Rollback is enabled. Setting kernel_max_rollforward to -1
2021-09-17T03:22:30.325066Z ERROR update_engine: [omaha_request_action.cc(1454)] Failed to set kernel_max_rollforward
2021-09-17T03:22:30.325128Z INFO update_engine: [action_processor.cc(116)] ActionProcessor: finished OmahaRequestAction with code ErrorCode::kSuccess
2021-09-17T03:22:30.325137Z INFO update_engine: [action_processor.cc(143)] ActionProcessor: starting FilesystemVerifierAction
2021-09-17T03:22:30.325144Z INFO update_engine: [install_plan.cc(79)] InstallPlan:
type: new_update
version: 99999.0.0
source_slot: A
target_slot: B
initial url: http://192.168.31.120:8080/delta.bin
hash_checks_mandatory: true
signature_checks_mandatory: false
powerwash_required: false
switch_slot_on_reboot: true
run_post_install: true
is_rollback: false
rollback_data_save_requested: false
write_verity: true
can_download_be_canceled: false
Partition: root
  source_size: 0
  source_path:
  source_hash:
  target_size: 2097152000
  target_path: /dev/nvme0n1p5
  target_hash: 508B5474C3ED6498EF47B8186308E5A1947650E5FCF025D10AF10B549C450B9C
  run_postinstall: true
  postinstall_path: postinst
  filesystem_type:
Partition: kernel
  source_size: 0
  source_path:
  source_hash:
  target_size: 67108864
  target_path: /dev/nvme0n1p4
  target_hash: 644C8507BECD0C17D6ACA3D12F53F3AFBB9D308D742DD30A60DA1CBC61BECADE
  run_postinstall: false
  postinstall_path:
  filesystem_type:
Payload: 0
  urls: (http://192.168.31.120:8080/delta.bin)
  size: 642666924
  metadata_size: 57497
  metadata_signature:
  hash: 3C1F2B2949D32C409598A2773C765B87E70C53DE9E551E499B083B8CE80412F4
  type: full
  fingerprint: 1.3C1F2B2949D32C409598A2773C765B87E70C53DE9E551E499B083B8CE80412F4
  app_id: {87efface-864d-49a5-9bb3-4b050a7c227a}
  already_applied: false
2021-09-17T03:22:30.325173Z INFO update_engine: [filesystem_verifier_action.cc(140)] Hashing partition 0 (root) on device /dev/nvme0n1p5
2021-09-17T03:22:35.784521Z INFO update_engine: [filesystem_verifier_action.cc(266)] Hash of root: UItUdMPtZJjvR7gYYwjloZR2UOX88CXRCvELVJxFC5w=
2021-09-17T03:22:35.891037Z INFO update_engine: [filesystem_verifier_action.cc(140)] Hashing partition 1 (kernel) on device /dev/nvme0n1p4
2021-09-17T03:22:36.067922Z INFO update_engine: [filesystem_verifier_action.cc(266)] Hash of kernel: ZEyFB77NDBfWrKPRL1Pzr7udMI10LdMKYNocvGG+yt4=
2021-09-17T03:22:36.071393Z INFO update_engine: [image_properties_chromeos.cc(157)] lsb-release inside the old rootfs:
CHROMEOS_RELEASE_NAME=Chromium OS
CHROMEOS_AUSERVER=http://192.168.31.120:8555/update
CHROMEOS_DEVSERVER=http://192.168.31.120:8555
CHROMEOS_RELEASE_KEYSET=devkeys
CHROMEOS_RELEASE_TRACK=developer-build
CHROMEOS_RELEASE_BUILD_TYPE=Developer Build - bruce
CHROMEOS_RELEASE_DESCRIPTION=13982.88.2021_09_16_0946 (Developer Build - bruce) developer-build amd64-generic
CHROMEOS_RELEASE_BOARD=amd64-generic
CHROMEOS_RELEASE_BRANCH_NUMBER=88
CHROMEOS_RELEASE_BUILD_NUMBER=13982
CHROMEOS_RELEASE_CHROME_MILESTONE=92
CHROMEOS_RELEASE_PATCH_NUMBER=2021_09_16_0946
CHROMEOS_RELEASE_VERSION=13982.88.2021_09_16_0946
GOOGLE_RELEASE=13982.88.2021_09_16_0946

2021-09-17T03:22:36.071416Z INFO update_engine: [action_processor.cc(116)] ActionProcessor: finished FilesystemVerifierAction with code ErrorCode::kSuccess
2021-09-17T03:22:36.071422Z INFO update_engine: [action_processor.cc(143)] ActionProcessor: starting PostinstallRunnerAction
2021-09-17T03:22:36.072217Z INFO update_engine: [postinstall_runner_action.cc(178)] Performing postinst (postinst at /tmp/.org.chromium.Chromium.R9Phrp/postinst) installed on device /dev/nvme0n1p5 and mountable device /dev/nvme0n1p5
2021-09-17T03:22:36.072234Z INFO update_engine: [postinstall_runner_action.cc(185)] Format file for new postinst is: data
2021-09-17T03:22:36.073132Z INFO update_engine: [subprocess.cc(98)] Running "/tmp/.org.chromium.Chromium.R9Phrp/postinst /dev/nvme0n1p5"
2021-09-17T03:22:52.668508Z INFO update_engine: [subprocess.cc(156)] Subprocess output:
2021-09-17T03:22:36.111986Z INFO cros_installer: [chromeos_postinst.cc(463)] PostInstall Configured: B, /dev/nvme0n1p5, /dev/nvme0n1p4, /dev/nvme0n1p12
2021-09-17T03:22:36.112539Z INFO cros_installer: [chromeos_postinst.cc(470)] Current Kernel Info: sysname(Linux) nodename(localhost) release(4.14.232-17774-gdfbdec1b1a0b) version(#1 SMP PREEMPT Fri Aug 27 12:25:47 CST 2021) machine(x86_64)
2021-09-17T03:22:36.112664Z INFO cros_installer: [chromeos_postinst.cc(478)] lsb-release inside the new rootfs:
CHROMEOS_RELEASE_NAME=Chromium OS
CHROMEOS_AUSERVER=http://192.168.31.120:8555/update
CHROMEOS_DEVSERVER=http://192.168.31.120:8555
CHROMEOS_RELEASE_KEYSET=devkeys
CHROMEOS_RELEASE_TRACK=developer-build
CHROMEOS_RELEASE_BUILD_TYPE=Developer Build - bruce
CHROMEOS_RELEASE_DESCRIPTION=13982.88.2021_09_17_1048 (Developer Build - bruce) developer-build amd64-generic
CHROMEOS_RELEASE_BOARD=amd64-generic
CHROMEOS_RELEASE_BRANCH_NUMBER=88
CHROMEOS_RELEASE_BUILD_NUMBER=13982
CHROMEOS_RELEASE_CHROME_MILESTONE=92
CHROMEOS_RELEASE_PATCH_NUMBER=2021_09_17_1048
CHROMEOS_RELEASE_VERSION=13982.88.2021_09_17_1048
GOOGLE_RELEASE=13982.88.2021_09_17_1048

2021-09-17T03:22:36.112716Z INFO cros_installer: [chromeos_postinst.cc(243)] Set boot target to /dev/nvme0n1p5: Partition 5, Slot B
2021-09-17T03:22:36.112754Z INFO cros_installer: [chromeos_setimage.cc(53)] SetImage
2021-09-17T03:22:36.121545Z INFO cros_installer: [chromeos_setimage.cc(64)] KERNEL_CONFIG: console= loglevel=7 init=/sbin/init cros_secure drm.trace=0x106 root=PARTUUID=%U/PARTNROFF=1 rootwait ro dm_verity.error_behavior=3 dm_verity.max_bios=-1 dm_verity.dev_wait=0 dm="1 vroot none ro 1,0 4096000 verity payload=ROOT_DEV hashtree=HASH_DEV hashstart=4096000 alg=sha256 root_hexdigest=9acfd1953bd2bd22cfc98aaaca5acf147c0c662a596e7b39ae25181a3a89dab0 salt=0083c073190ff47052b5e19ccc4aff382a2fa9831a53279ed1800979dcd443a7" noinitrd vt.global_cursor_default=0 kern_guid=%U add_efi_memmap boot=local noresume noswap i915.modeset=1
2021-09-17T03:22:36.121676Z INFO cros_installer: [chromeos_setimage.cc(107)] Setting up verity.
2021-09-17T03:22:36.121720Z INFO cros_installer: [dm-bht.cc(183)] Setting block_count 512000
2021-09-17T03:22:36.121755Z INFO cros_installer: [dm-bht.cc(208)] Setting depth to 3
2021-09-17T03:22:36.121787Z INFO cros_installer: [dm-bht.cc(293)] depth: 0 entries: 1
2021-09-17T03:22:36.121820Z INFO cros_installer: [dm-bht.cc(293)] depth: 1 entries: 32
2021-09-17T03:22:36.121851Z INFO cros_installer: [dm-bht.cc(293)] depth: 2 entries: 4000
2021-09-17T03:22:42.425169Z INFO cros_installer: [inst_util.cc(83)] Finished after 6 seconds.
2021-09-17T03:22:42.425204Z INFO cros_installer: [chromeos_postinst.cc(255)] Clearing network driver boot cache: /var/lib/preload-network-drivers
2021-09-17T03:22:42.425264Z INFO cros_installer: [chromeos_postinst.cc(258)] Syncing filesystems before changing boot order...
2021-09-17T03:22:42.454218Z INFO cros_installer: [inst_util.cc(83)] Finished after 0 seconds.
2021-09-17T03:22:42.454313Z INFO cros_installer: [chromeos_postinst.cc(263)] Updating Partition Table Attributes using CgptManager...
2021-09-17T03:22:42.463707Z INFO cros_installer: [chromeos_postinst.cc(300)] Updated kernel 4 with Successful: 0 and NumTriesLeft: 6
2021-09-17T03:22:42.463768Z INFO cros_installer: [chromeos_postinst.cc(179)] Checking permission of /mnt/stateful_partition/unencrypted
2021-09-17T03:22:42.463804Z INFO cros_installer: [chromeos_postinst.cc(187)] Permission is ok.
2021-09-17T03:22:42.464207Z INFO cros_installer: [chromeos_postinst.cc(437)] cr50 setup complete.
2021-09-17T03:22:42.464246Z INFO cros_installer: [chromeos_postinst.cc(486)] Syncing filesystem at end of postinst...
2021-09-17T03:22:52.468435Z INFO cros_installer: [inst_util.cc(92)] Running command: /bin/mount /dev/nvme0n1p12 /tmp/boot_mnt
ChromeosChrootPostinst complete
2021-09-17T03:22:52.539134Z INFO cros_installer: [inst_util.cc(83)] Finished after 0 seconds.
2021-09-17T03:22:52.539207Z INFO cros_installer: [chromeos_legacy.cc(167)] Running EfiPostInstall.
2021-09-17T03:22:52.581091Z INFO cros_installer: [inst_util.cc(92)] Running command: /bin/umount /dev/nvme0n1p12
2021-09-17T03:22:52.597792Z INFO cros_installer: [inst_util.cc(83)] Finished after 0 seconds.

2021-09-17T03:22:52.825246Z INFO update_engine: [boot_control_chromeos.cc(308)] Marking slot B active.
2021-09-17T03:22:52.831925Z INFO update_engine: [postinstall_runner_action.cc(369)] All post-install commands succeeded
2021-09-17T03:22:52.831971Z INFO update_engine: [action_processor.cc(116)] ActionProcessor: finished PostinstallRunnerAction with code ErrorCode::kSuccess
2021-09-17T03:22:52.831983Z INFO update_engine: [action_processor.cc(143)] ActionProcessor: starting OmahaRequestAction
2021-09-17T03:22:52.832071Z INFO update_engine: [omaha_request_action.cc(271)] Posting an Omaha request to http://192.168.31.120:8555/update
2021-09-17T03:22:52.832081Z INFO update_engine: [omaha_request_action.cc(272)] Request: <?xml version="1.0" encoding="UTF-8"?>
<request requestid="1d93485b-eb7c-40b9-90ed-1d44ba726efe" sessionid="1e035ded-5541-433f-86b0-3bda5cb6ddcd" protocol="3.0" updater="ChromeOSUpdateEngine" updaterversion="0.1.0.0" installsource="ondemandupdate" ismachine="1">
    <os version="Indy" platform="Chrome OS" sp="13982.88.2021_09_16_0946_x86_64" market_segment="consumer"></os>
    <app appid="{87efface-864d-49a5-9bb3-4b050a7c227a}" version="13982.88.2021_09_16_0946" track="stable-channel" board="amd64-generic" hardware_class="" delta_okay="true" installdate="5362" lang="en-US" >
        <event eventtype="3" eventresult="1"></event>
    </app>
</request>

2021-09-17T03:22:52.832980Z INFO update_engine: [libcurl_http_fetcher.cc(146)] Starting/Resuming transfer
2021-09-17T03:22:52.833173Z INFO update_engine: [libcurl_http_fetcher.cc(165)] Using proxy: no
2021-09-17T03:22:52.833235Z INFO update_engine: [libcurl_http_fetcher.cc(283)] Not setting http(s) curl options because we are running a dev/test image
2021-09-17T03:22:52.837603Z INFO update_engine: [libcurl_http_fetcher.cc(485)] HTTP response code: 200
2021-09-17T03:22:52.837703Z INFO update_engine: [libcurl_http_fetcher.cc(582)] Transfer completed (200), 254 bytes downloaded
2021-09-17T03:22:52.837718Z INFO update_engine: [omaha_request_action.cc(667)] Omaha request response: <?xml version="1.0" encoding="UTF-8"?>
<response protocol="3.0" server="nebraska">
  <daystart elapsed_days="5373" elapsed_seconds="40974"/>
  <app appid="{87efface-864d-49a5-9bb3-4b050a7c227a}" status="ok">
    <event status="ok"/>
  </app>
</response>

2021-09-17T03:22:52.837761Z INFO update_engine: [omaha_request_action.cc(1406)] No device policy is loaded. Assuming rollback enabled.
2021-09-17T03:22:52.837776Z INFO update_engine: [omaha_request_action.cc(1437)] Rollback is enabled. Setting kernel_max_rollforward to -1
2021-09-17T03:22:52.837792Z ERROR update_engine: [omaha_request_action.cc(1454)] Failed to set kernel_max_rollforward
2021-09-17T03:22:52.837859Z INFO update_engine: [action_processor.cc(116)] ActionProcessor: finished last action OmahaRequestAction with code ErrorCode::kSuccess
2021-09-17T03:22:52.837869Z INFO update_engine: [update_attempter.cc(1262)] Processing Done.
2021-09-17T03:22:52.837878Z INFO update_engine: [cpu_limiter.cc(71)] Setting cgroup cpu shares to  1024
2021-09-17T03:22:52.837980Z INFO update_engine: [cpu_limiter.cc(79)] CPU shares = 1024
2021-09-17T03:22:52.838842Z INFO update_engine: [delta_performer.cc(1906)] Resetting recorded hash for prepared partitions.
2021-09-17T03:22:52.839016Z INFO update_engine: [payload_state.cc(1076)] Update Timestamp End = 9/17/2021 3:22:52 GMT
2021-09-17T03:22:52.839577Z INFO update_engine: [payload_state.cc(1197)] Current bytes downloaded for HttpsServer = 0
2021-09-17T03:22:52.839706Z INFO update_engine: [payload_state.cc(1219)] Total bytes downloaded for HttpsServer = 0
2021-09-17T03:22:52.839816Z INFO update_engine: [payload_state.cc(1197)] Current bytes downloaded for HttpServer = 0
2021-09-17T03:22:52.839930Z INFO update_engine: [payload_state.cc(1219)] Total bytes downloaded for HttpServer = 0
2021-09-17T03:22:52.840307Z INFO update_engine: [payload_state.cc(1197)] Current bytes downloaded for HttpPeer = 0
2021-09-17T03:22:52.840460Z INFO update_engine: [payload_state.cc(1219)] Total bytes downloaded for HttpPeer = 0
2021-09-17T03:22:52.840702Z INFO update_engine: [metrics_utils.cc(320)] Number of Reboots during current update attempt = 0
2021-09-17T03:22:52.840995Z INFO update_engine: [payload_state.cc(1229)] Num Responses Seen = 0
2021-09-17T03:22:52.841149Z INFO update_engine: [payload_state.cc(922)] Payload Index = 0
2021-09-17T03:22:52.841380Z INFO update_engine: [metrics_utils.cc(337)] Updated Marker = 1/1/1970 0:14:12 GMT
2021-09-17T03:22:52.841401Z INFO update_engine: [payload_state.cc(957)] Scattering Wait Period (seconds) = 0
2021-09-17T03:22:52.841414Z INFO update_engine: [payload_state.cc(974)] Staging Wait Period (days) =0
2021-09-17T03:22:52.842541Z INFO update_engine: [update_attempter.cc(1218)] Update successfully applied, waiting to reboot.
2021-09-17T03:22:52.843345Z INFO update_engine: [official_build_check_policy_impl.cc(35)] Unofficial build, blocking periodic update checks.
2021-09-17T03:22:52.843365Z INFO update_engine: [evaluation_context.cc(185)] Waiting for value on policy_is_loaded
2021-09-17T03:22:52.843371Z INFO update_engine: [evaluation_context.cc(185)] Waiting for value on forced_update_requested
2021-09-17T03:22:52.843383Z INFO update_engine: [evaluation_context.cc(214)] Waiting for timeout in 5m0s
2021-09-17T03:22:56.424951Z INFO update_engine: [power_manager_chromeos.cc(38)] Calling org.chromium.PowerManager.RequestRestart
